<?xml version="1.0" encoding="UTF-8"?>
<coverage generated="1525715028999" clover="3.2.0">
  <project timestamp="1525715029000" name="All files">
    <metrics statements="37" coveredstatements="15" conditionals="3" coveredconditionals="0" methods="26" coveredmethods="8" elements="66" coveredelements="23" complexity="0" loc="37" ncloc="37" packages="3" files="5" classes="5">
      <package name="react">
        <metrics statements="1" coveredstatements="1" conditionals="0" coveredconditionals="0" methods="0" coveredmethods="0"/>
        <file name="jestSetup.js" path="/Users/arturterteryan/Desktop/test/react/jestSetup.js">
          <metrics statements="1" coveredstatements="1" conditionals="0" coveredconditionals="0" methods="0" coveredmethods="0"/>
          <line num="4" count="2" type="stmt"/>
        </file>
      </package>
      <package name="react.lib.components">
        <metrics statements="18" coveredstatements="7" conditionals="3" coveredconditionals="0" methods="13" coveredmethods="4"/>
        <file name="Article.js" path="/Users/arturterteryan/Desktop/test/react/lib/components/Article.js">
          <metrics statements="7" coveredstatements="3" conditionals="0" coveredconditionals="0" methods="3" coveredmethods="0"/>
          <line num="5" count="1" type="stmt"/>
          <line num="28" count="1" type="stmt"/>
          <line num="29" count="0" type="stmt"/>
          <line num="33" count="0" type="stmt"/>
          <line num="34" count="0" type="stmt"/>
          <line num="54" count="1" type="stmt"/>
          <line num="63" count="0" type="stmt"/>
        </file>
        <file name="ArticleList.js" path="/Users/arturterteryan/Desktop/test/react/lib/components/ArticleList.js">
          <metrics statements="2" coveredstatements="2" conditionals="0" coveredconditionals="0" methods="2" coveredmethods="2"/>
          <line num="6" count="1" type="stmt"/>
          <line num="8" count="2" type="stmt"/>
        </file>
        <file name="storeProvider.js" path="/Users/arturterteryan/Desktop/test/react/lib/components/storeProvider.js">
          <metrics statements="9" coveredstatements="2" conditionals="3" coveredconditionals="0" methods="8" coveredmethods="2"/>
          <line num="4" count="1" type="cond" truecount="0" falsecount="1"/>
          <line num="5" count="1" type="stmt"/>
          <line num="10" count="0" type="stmt"/>
          <line num="16" count="0" type="cond" truecount="0" falsecount="2"/>
          <line num="17" count="0" type="stmt"/>
          <line num="22" count="0" type="stmt"/>
          <line num="26" count="0" type="stmt"/>
          <line num="27" count="0" type="stmt"/>
          <line num="31" count="0" type="stmt"/>
        </file>
      </package>
      <package name="react.lib.state-api.lib">
        <metrics statements="18" coveredstatements="7" conditionals="0" coveredconditionals="0" methods="13" coveredmethods="4"/>
        <file name="index.js" path="/Users/arturterteryan/Desktop/test/react/lib/state-api/lib/index.js">
          <metrics statements="18" coveredstatements="7" conditionals="0" coveredconditionals="0" methods="13" coveredmethods="4"/>
          <line num="3" count="1" type="stmt"/>
          <line num="9" count="1" type="stmt"/>
          <line num="10" count="1" type="stmt"/>
          <line num="14" count="0" type="stmt"/>
          <line num="15" count="0" type="stmt"/>
          <line num="22" count="0" type="stmt"/>
          <line num="23" count="0" type="stmt"/>
          <line num="24" count="0" type="stmt"/>
          <line num="28" count="0" type="stmt"/>
          <line num="32" count="0" type="stmt"/>
          <line num="36" count="0" type="stmt"/>
          <line num="40" count="0" type="stmt"/>
          <line num="44" count="0" type="stmt"/>
          <line num="49" count="2" type="stmt"/>
          <line num="51" count="0" type="stmt"/>
          <line num="54" count="2" type="stmt"/>
          <line num="55" count="9" type="stmt"/>
          <line num="56" count="9" type="stmt"/>
        </file>
      </package>
    </metrics>
  </project>
</coverage>
