TN:
SF:/Users/arturterteryan/Desktop/test/react/jestSetup.js
FNF:0
FNH:0
DA:4,2
LF:1
LH:1
BRF:0
BRH:0
end_of_record
TN:
SF:/Users/arturterteryan/Desktop/test/react/lib/components/Article.js
FN:28,(anonymous_0)
FN:32,(anonymous_1)
FN:62,extraProps
FNF:3
FNH:0
FNDA:0,(anonymous_0)
FNDA:0,(anonymous_1)
FNDA:0,extraProps
DA:5,1
DA:28,1
DA:29,0
DA:33,0
DA:34,0
DA:54,1
DA:63,0
LF:7
LH:3
BRF:0
BRH:0
end_of_record
TN:
SF:/Users/arturterteryan/Desktop/test/react/lib/components/ArticleList.js
FN:5,(anonymous_0)
FN:7,(anonymous_1)
FNF:2
FNH:2
FNDA:1,(anonymous_0)
FNDA:2,(anonymous_1)
DA:6,1
DA:8,2
LF:2
LH:2
BRF:0
BRH:0
end_of_record
TN:
SF:/Users/arturterteryan/Desktop/test/react/lib/components/storeProvider.js
FN:4,(anonymous_0)
FN:4,(anonymous_1)
FN:4,(anonymous_2)
FN:9,(anonymous_3)
FN:15,(anonymous_4)
FN:21,(anonymous_5)
FN:25,(anonymous_6)
FN:30,(anonymous_7)
FNF:8
FNH:2
FNDA:1,(anonymous_0)
FNDA:0,(anonymous_1)
FNDA:1,(anonymous_2)
FNDA:0,(anonymous_3)
FNDA:0,(anonymous_4)
FNDA:0,(anonymous_5)
FNDA:0,(anonymous_6)
FNDA:0,(anonymous_7)
DA:4,1
DA:5,1
DA:10,0
DA:16,0
DA:17,0
DA:22,0
DA:26,0
DA:27,0
DA:31,0
LF:9
LH:2
BRDA:4,0,0,0
BRDA:16,1,0,0
BRDA:16,1,1,0
BRF:3
BRH:0
end_of_record
TN:
SF:/Users/arturterteryan/Desktop/test/react/lib/state-api/lib/index.js
FN:2,(anonymous_0)
FN:13,(anonymous_1)
FN:14,(anonymous_2)
FN:21,(anonymous_3)
FN:27,(anonymous_4)
FN:31,(anonymous_5)
FN:32,(anonymous_6)
FN:35,(anonymous_7)
FN:43,(anonymous_8)
FN:49,(anonymous_9)
FN:51,(anonymous_10)
FN:53,(anonymous_11)
FN:54,(anonymous_12)
FNF:13
FNH:4
FNDA:1,(anonymous_0)
FNDA:0,(anonymous_1)
FNDA:0,(anonymous_2)
FNDA:0,(anonymous_3)
FNDA:0,(anonymous_4)
FNDA:0,(anonymous_5)
FNDA:0,(anonymous_6)
FNDA:0,(anonymous_7)
FNDA:0,(anonymous_8)
FNDA:2,(anonymous_9)
FNDA:0,(anonymous_10)
FNDA:2,(anonymous_11)
FNDA:9,(anonymous_12)
DA:3,1
DA:9,1
DA:10,1
DA:14,0
DA:15,0
DA:22,0
DA:23,0
DA:24,0
DA:28,0
DA:32,0
DA:36,0
DA:40,0
DA:44,0
DA:49,2
DA:51,0
DA:54,2
DA:55,9
DA:56,9
LF:18
LH:7
BRF:0
BRH:0
end_of_record
